# JRE version: OpenJDK Runtime Environment JBR-17.0.14+1-1367.22-nomod (17.0.14+1) (build 17.0.14+1-b1367.22)
# Java VM: OpenJDK 64-Bit Server VM JBR-17.0.14+1-1367.22-nomod (17.0.14+1-b1367.22, mixed mode, sharing, tiered, compressed oops, compressed class ptrs, g1 gc, windows-amd64)
GC Precious Log:
 CPUs: 16 total, 16 available
 Memory: 16008M
 Large Page Support: Disabled
 NUMA Support: Disabled
 Compressed Oops: Enabled (Zero based)
 Heap Region Size: 2M
 Heap Min Capacity: 8M
 Heap Initial Capacity: 252M
 Heap Max Capacity: 4004M
 Pre-touch: Disabled
 Parallel Workers: 13
 Concurrent Workers: 3
 Concurrent Refinement Workers: 13
 Periodic GC: Disabled
Heap:
 garbage-first heap   total 106496K, used 64104K [0x0000000705c00000, 0x0000000800000000)
  region size 2048K, 1 young (2048K), 1 survivors (2048K)
 Metaspace       used 29307K, committed 29632K, reserved 1114112K
  class space    used 4243K, committed 4416K, reserved 1048576K
GC Heap History (17 events):
Event: 1.464 GC heap before
{Heap before GC invocations=0 (full 0):
 garbage-first heap   total 258048K, used 22528K [0x0000000705c00000, 0x0000000800000000)
  region size 2048K, 11 young (22528K), 0 survivors (0K)
 Metaspace       used 7530K, committed 7744K, reserved 1114112K
  class space    used 889K, committed 960K, reserved 1048576K
}
Event: 1.468 GC heap after
{Heap after GC invocations=1 (full 0):
 garbage-first heap   total 258048K, used 4685K [0x0000000705c00000, 0x0000000800000000)
  region size 2048K, 2 young (4096K), 2 survivors (4096K)
 Metaspace       used 7530K, committed 7744K, reserved 1114112K
  class space    used 889K, committed 960K, reserved 1048576K
}
Event: 2.371 GC heap before
{Heap before GC invocations=1 (full 0):
 garbage-first heap   total 258048K, used 39501K [0x0000000705c00000, 0x0000000800000000)
  region size 2048K, 16 young (32768K), 2 survivors (4096K)
 Metaspace       used 15161K, committed 15360K, reserved 1114112K
  class space    used 2042K, committed 2112K, reserved 1048576K
}
Event: 2.377 GC heap after
{Heap after GC invocations=2 (full 0):
 garbage-first heap   total 258048K, used 18189K [0x0000000705c00000, 0x0000000800000000)
  region size 2048K, 2 young (4096K), 2 survivors (4096K)
 Metaspace       used 15161K, committed 15360K, reserved 1114112K
  class space    used 2042K, committed 2112K, reserved 1048576K
}
Event: 2.914 GC heap before
{Heap before GC invocations=2 (full 0):
 garbage-first heap   total 258048K, used 44813K [0x0000000705c00000, 0x0000000800000000)
  region size 2048K, 16 young (32768K), 2 survivors (4096K)
 Metaspace       used 21303K, committed 21504K, reserved 1114112K
  class space    used 3092K, committed 3200K, reserved 1048576K
}
Event: 2.918 GC heap after
{Heap after GC invocations=3 (full 0):
 garbage-first heap   total 258048K, used 20529K [0x0000000705c00000, 0x0000000800000000)
  region size 2048K, 4 young (8192K), 4 survivors (8192K)
 Metaspace       used 21303K, committed 21504K, reserved 1114112K
  class space    used 3092K, committed 3200K, reserved 1048576K
}
Event: 8.745 GC heap before
{Heap before GC invocations=4 (full 0):
 garbage-first heap   total 81920K, used 67633K [0x0000000705c00000, 0x0000000800000000)
  region size 2048K, 19 young (38912K), 4 survivors (8192K)
 Metaspace       used 26422K, committed 26752K, reserved 1114112K
  class space    used 3772K, committed 3968K, reserved 1048576K
}
Event: 8.750 GC heap after
{Heap after GC invocations=5 (full 0):
 garbage-first heap   total 83968K, used 43683K [0x0000000705c00000, 0x0000000800000000)
  region size 2048K, 6 young (12288K), 6 survivors (12288K)
 Metaspace       used 26422K, committed 26752K, reserved 1114112K
  class space    used 3772K, committed 3968K, reserved 1048576K
}
Event: 9.070 GC heap before
{Heap before GC invocations=5 (full 0):
 garbage-first heap   total 83968K, used 60067K [0x0000000705c00000, 0x0000000800000000)
  region size 2048K, 14 young (28672K), 6 survivors (12288K)
 Metaspace       used 28274K, committed 28608K, reserved 1114112K
  class space    used 4117K, committed 4288K, reserved 1048576K
}
Event: 9.076 GC heap after
{Heap after GC invocations=6 (full 0):
 garbage-first heap   total 83968K, used 46902K [0x0000000705c00000, 0x0000000800000000)
  region size 2048K, 2 young (4096K), 2 survivors (4096K)
 Metaspace       used 28274K, committed 28608K, reserved 1114112K
  class space    used 4117K, committed 4288K, reserved 1048576K
}
Event: 9.320 GC heap before
{Heap before GC invocations=6 (full 0):
 garbage-first heap   total 83968K, used 61238K [0x0000000705c00000, 0x0000000800000000)
  region size 2048K, 9 young (18432K), 2 survivors (4096K)
 Metaspace       used 28856K, committed 29184K, reserved 1114112K
  class space    used 4225K, committed 4416K, reserved 1048576K
}
Event: 9.325 GC heap after
{Heap after GC invocations=7 (full 0):
 garbage-first heap   total 83968K, used 51054K [0x0000000705c00000, 0x0000000800000000)
  region size 2048K, 2 young (4096K), 2 survivors (4096K)
 Metaspace       used 28856K, committed 29184K, reserved 1114112K
  class space    used 4225K, committed 4416K, reserved 1048576K
}
Event: 9.449 GC heap before
{Heap before GC invocations=8 (full 0):
 garbage-first heap   total 92160K, used 61294K [0x0000000705c00000, 0x0000000800000000)
  region size 2048K, 7 young (14336K), 2 survivors (4096K)
 Metaspace       used 29135K, committed 29504K, reserved 1114112K
  class space    used 4242K, committed 4416K, reserved 1048576K
}
Event: 9.453 GC heap after
{Heap after GC invocations=9 (full 0):
 garbage-first heap   total 92160K, used 54555K [0x0000000705c00000, 0x0000000800000000)
  region size 2048K, 1 young (2048K), 1 survivors (2048K)
 Metaspace       used 29135K, committed 29504K, reserved 1114112K
  class space    used 4242K, committed 4416K, reserved 1048576K
}
Event: 9.563 GC heap before
{Heap before GC invocations=9 (full 0):
 garbage-first heap   total 92160K, used 68891K [0x0000000705c00000, 0x0000000800000000)
  region size 2048K, 8 young (16384K), 1 survivors (2048K)
 Metaspace       used 29208K, committed 29568K, reserved 1114112K
  class space    used 4242K, committed 4416K, reserved 1048576K
}
Event: 9.568 GC heap after
{Heap after GC invocations=10 (full 0):
 garbage-first heap   total 92160K, used 59825K [0x0000000705c00000, 0x0000000800000000)
  region size 2048K, 1 young (2048K), 1 survivors (2048K)
 Metaspace       used 29208K, committed 29568K, reserved 1114112K
  class space    used 4242K, committed 4416K, reserved 1048576K
}
Event: 9.675 GC heap before
{Heap before GC invocations=11 (full 0):
 garbage-first heap   total 106496K, used 70065K [0x0000000705c00000, 0x0000000800000000)
  region size 2048K, 6 young (12288K), 1 survivors (2048K)
 Metaspace       used 29307K, committed 29632K, reserved 1114112K
  class space    used 4243K, committed 4416K, reserved 1048576K
}

